Build started 2014-07-10 13:19:53.
     1>Project "C:\Users\Martin\Desktop\Program\PacketAnalyzer\PacketAnalyzerDLL\PacketAnalyzerDLL.vcxproj" on node 2 (build target(s)).
     1>InitializeBuildStatus:
         Creating "Debug\PacketAnalyzerDLL.unsuccessfulbuild" because "AlwaysCreate" was specified.
       ClCompile:
         C:\Program Files (x86)\Microsoft Visual Studio 10.0\VC\bin\CL.exe /c /ZI /nologo /W3 /WX- /Od /Oy- /D WIN32 /D _DEBUG /D _WINDOWS /D _USRDLL /D PACKETANALYZERDLL_EXPORTS /D _WINDLL /D _UNICODE /D UNICODE /Gm /EHsc /RTC1 /MDd /GS /fp:precise /Zc:wchar_t /Zc:forScope /Fo"Debug\\" /Fd"Debug\vc100.pdb" /Gd /TP /analyze- /errorReport:prompt Core.cpp
         Core.cpp
       Link:
         C:\Program Files (x86)\Microsoft Visual Studio 10.0\VC\bin\link.exe /ERRORREPORT:PROMPT /OUT:"C:\Users\Martin\Desktop\Program\PacketAnalyzer\Debug\PacketAnalyzerDLL.dll" /INCREMENTAL:NO /NOLOGO kernel32.lib user32.lib gdi32.lib winspool.lib comdlg32.lib advapi32.lib shell32.lib ole32.lib oleaut32.lib uuid.lib odbc32.lib odbccp32.lib /MANIFEST /ManifestFile:"Debug\PacketAnalyzerDLL.dll.intermediate.manifest" /MANIFESTUAC:"level='asInvoker' uiAccess='false'" /DEBUG /PDB:"C:\Users\Martin\Desktop\Program\PacketAnalyzer\Debug\PacketAnalyzerDLL.pdb" /SUBSYSTEM:WINDOWS /TLBID:1 /DYNAMICBASE /NXCOMPAT /IMPLIB:"C:\Users\Martin\Desktop\Program\PacketAnalyzer\Debug\PacketAnalyzerDLL.lib" /MACHINE:X86 /DLL Debug\Core.obj
         Debug\dllmain.obj
         Debug\global.obj
     1>Core.obj : warning LNK4075: ignoring '/EDITANDCONTINUE' due to '/INCREMENTAL:NO' specification
         PacketAnalyzerDLL.vcxproj -> C:\Users\Martin\Desktop\Program\PacketAnalyzer\Debug\PacketAnalyzerDLL.dll
       Manifest:
         C:\Program Files (x86)\Microsoft SDKs\Windows\v7.0A\bin\mt.exe /nologo /verbose /outputresource:"C:\Users\Martin\Desktop\Program\PacketAnalyzer\Debug\PacketAnalyzerDLL.dll;#2" /manifest Debug\PacketAnalyzerDLL.dll.intermediate.manifest
       FinalizeBuildStatus:
         Deleting file "Debug\PacketAnalyzerDLL.unsuccessfulbuild".
         Touching "Debug\PacketAnalyzerDLL.lastbuildstate".
     1>Done Building Project "C:\Users\Martin\Desktop\Program\PacketAnalyzer\PacketAnalyzerDLL\PacketAnalyzerDLL.vcxproj" (build target(s)).

Build succeeded.

Time Elapsed 00:00:00.41
